e:\programming projects\alonfly\alonfly\x64\debug\vc143.pdb
e:\programming projects\alonfly\alonfly\x64\debug\vc143.idb
e:\programming projects\alonfly\alonfly\x64\debug\text.obj
e:\programming projects\alonfly\alonfly\x64\debug\state.obj
e:\programming projects\alonfly\alonfly\x64\debug\projectile.obj
e:\programming projects\alonfly\alonfly\x64\debug\player.obj
e:\programming projects\alonfly\alonfly\x64\debug\movecomponent.obj
e:\programming projects\alonfly\alonfly\x64\debug\mainmenustate.obj
e:\programming projects\alonfly\alonfly\x64\debug\main.obj
e:\programming projects\alonfly\alonfly\x64\debug\hitboxcomponent.obj
e:\programming projects\alonfly\alonfly\x64\debug\gamestate.obj
e:\programming projects\alonfly\alonfly\x64\debug\gameengine.obj
e:\programming projects\alonfly\alonfly\x64\debug\entity.obj
e:\programming projects\alonfly\alonfly\x64\debug\button.obj
e:\programming projects\alonfly\alonfly\x64\debug\timer.obj
e:\programming projects\alonfly\alonfly\x64\debug\f15.obj
e:\programming projects\alonfly\alonfly\x64\debug\gasscomponent.obj
e:\programming projects\alonfly\x64\debug\alonfly.exe
e:\programming projects\alonfly\alonfly\x64\debug\alonfly.ilk
e:\programming projects\alonfly\x64\debug\alonfly.pdb
e:\programming projects\alonfly\alonfly\x64\debug\global.obj
e:\programming projects\alonfly\alonfly\x64\debug\alonfly.tlog\cl.command.1.tlog
e:\programming projects\alonfly\alonfly\x64\debug\alonfly.tlog\cl.read.1.tlog
e:\programming projects\alonfly\alonfly\x64\debug\alonfly.tlog\cl.write.1.tlog
e:\programming projects\alonfly\alonfly\x64\debug\alonfly.tlog\link.command.1.tlog
e:\programming projects\alonfly\alonfly\x64\debug\alonfly.tlog\link.read.1.tlog
e:\programming projects\alonfly\alonfly\x64\debug\alonfly.tlog\link.write.1.tlog
